Using pre-set license
Built from '2020.2/staging' branch; Version is '2020.2.3f1 (8ff31bc5bf5b) revision 9433883'; Using compiler version '192528614'; Build Type 'Release'
OS: 'Windows 10 Home; OS build 19041.804; Version 2004; 64bit' Language: 'en' Physical Memory: 16344 MB
BatchMode: 1, IsHumanControllingUs: 0, StartBugReporterOnCrash: 0, Is64bit: 1, IsPro: 0

 COMMAND LINE ARGUMENTS:
C:\Program Files\Unity\Hub\Editor\2020.2.3f1\Editor\Unity.exe
-adb2
-batchMode
-noUpm
-name
AssetImportWorker0
-projectPath
E:/kurssit/Pelitekno Sykli 6/Sykli 6
-logFile
Logs/AssetImportWorker0.log
-srvPort
61243
Successfully changed project path to: E:/kurssit/Pelitekno Sykli 6/Sykli 6
E:/kurssit/Pelitekno Sykli 6/Sykli 6
Using Asset Import Pipeline V2.
Refreshing native plugins compatible for Editor in 21.66 ms, found 0 plugins.
Preloading 0 native plugins for Editor in 0.00 ms.
Initialize engine version: 2020.2.3f1 (8ff31bc5bf5b)
[Subsystems] Discovering subsystems at path C:/Program Files/Unity/Hub/Editor/2020.2.3f1/Editor/Data/Resources/UnitySubsystems
[Subsystems] Discovering subsystems at path E:/kurssit/Pelitekno Sykli 6/Sykli 6/Assets
GfxDevice: creating device client; threaded=0
Direct3D:
    Version:  Direct3D 11.0 [level 11.1]
    Renderer: NVIDIA GeForce GTX 1070 Ti (ID=0x1b82)
    Vendor:   
    VRAM:     8079 MB
    Driver:   27.21.14.5671
Initialize mono
Mono path[0] = 'C:/Program Files/Unity/Hub/Editor/2020.2.3f1/Editor/Data/Managed'
Mono path[1] = 'C:/Program Files/Unity/Hub/Editor/2020.2.3f1/Editor/Data/MonoBleedingEdge/lib/mono/unityjit'
Mono config path = 'C:/Program Files/Unity/Hub/Editor/2020.2.3f1/Editor/Data/MonoBleedingEdge/etc'
Using monoOptions --debugger-agent=transport=dt_socket,embedding=1,server=y,suspend=n,address=127.0.0.1:56060
Begin MonoManager ReloadAssembly
Registering precompiled unity dll's ...
Register platform support module: C:/Program Files/Unity/Hub/Editor/2020.2.3f1/Editor/Data/PlaybackEngines/WebGLSupport/UnityEditor.WebGL.Extensions.dll
Register platform support module: C:/Program Files/Unity/Hub/Editor/2020.2.3f1/Editor/Data/PlaybackEngines/MacStandaloneSupport/UnityEditor.OSXStandalone.Extensions.dll
Register platform support module: C:/Program Files/Unity/Hub/Editor/2020.2.3f1/Editor/Data/PlaybackEngines/WindowsStandaloneSupport/UnityEditor.WindowsStandalone.Extensions.dll
Registered in 0.002374 seconds.
Native extension for WindowsStandalone target not found
Native extension for OSXStandalone target not found
Native extension for WebGL target not found
Refreshing native plugins compatible for Editor in 22.79 ms, found 0 plugins.
Preloading 0 native plugins for Editor in 0.00 ms.
Invoked RoslynAnalysisRunner static constructor.
RoslynAnalysisRunner will not be running.
RoslynAnalysisRunner has terminated.
Mono: successfully reloaded assembly
- Completed reload, in  1.936 seconds
Platform modules already initialized, skipping
Registering precompiled user dll's ...
Registered in 0.000451 seconds.
Begin MonoManager ReloadAssembly
Native extension for WindowsStandalone target not found
Native extension for OSXStandalone target not found
Native extension for WebGL target not found
Refreshing native plugins compatible for Editor in 22.37 ms, found 0 plugins.
Preloading 0 native plugins for Editor in 0.00 ms.
Invoked RoslynAnalysisRunner static constructor.
RoslynAnalysisRunner will not be running.
RoslynAnalysisRunner has terminated.
Mono: successfully reloaded assembly
- Completed reload, in  0.710 seconds
Platform modules already initialized, skipping
========================================================================
Worker process is ready to serve import requests
Launched and connected shader compiler UnityShaderCompiler.exe after 0.04 seconds
Refreshing native plugins compatible for Editor in 0.21 ms, found 0 plugins.
Preloading 0 native plugins for Editor in 0.00 ms.
Unloading 1485 Unused Serialized files (Serialized files now loaded: 0)
System memory in use before: 68.0 MB.
System memory in use after: 68.0 MB.

Unloading 12 unused Assets to reduce memory usage. Loaded Objects now: 1925.
Total: 1.381300 ms (FindLiveObjects: 0.120400 ms CreateObjectMapping: 0.046400 ms MarkObjects: 1.131400 ms  DeleteObjects: 0.082100 ms)

========================================================================
Received Import Request.
  path: Assets/Materials
  artifactKey: Guid(27e6951293df12745ba10f084c7d3417) Importer(815301076,1909f56bfc062723c751e8b465ee728b)
Start importing Assets/Materials using Guid(27e6951293df12745ba10f084c7d3417) Importer(815301076,1909f56bfc062723c751e8b465ee728b)  -> (artifact id: '8a8a785b9802df7ecb66549ebde89a67') in 0.006866 seconds
  Import took 0.008593 seconds .

========================================================================
Received Import Request.
  Time since last request: 3.482058 seconds.
  path: Assets/Materials/New Material.mat
  artifactKey: Guid(53582dd6d095f2144a81e98aead1db6c) Importer(815301076,1909f56bfc062723c751e8b465ee728b)
Start importing Assets/Materials/New Material.mat using Guid(53582dd6d095f2144a81e98aead1db6c) Importer(815301076,1909f56bfc062723c751e8b465ee728b)  -> (artifact id: 'f0661ad6b028173ca7759391d0a2c179') in 0.091852 seconds
  Import took 0.093722 seconds .

========================================================================
Received Import Request.
  Time since last request: 24.058782 seconds.
  path: Assets/Materials/New Material.mat
  artifactKey: Guid(53582dd6d095f2144a81e98aead1db6c) Importer(815301076,1909f56bfc062723c751e8b465ee728b)
Start importing Assets/Materials/New Material.mat using Guid(53582dd6d095f2144a81e98aead1db6c) Importer(815301076,1909f56bfc062723c751e8b465ee728b)  -> (artifact id: '67f7cf8b8a7ffbf1270bf8688d328494') in 0.011802 seconds
  Import took 0.013738 seconds .

========================================================================
Received Prepare
Registering precompiled user dll's ...
Registered in 0.000484 seconds.
Begin MonoManager ReloadAssembly
Native extension for WindowsStandalone target not found
Native extension for OSXStandalone target not found
Native extension for WebGL target not found
Refreshing native plugins compatible for Editor in 0.24 ms, found 0 plugins.
Preloading 0 native plugins for Editor in 0.00 ms.
Invoked RoslynAnalysisRunner static constructor.
RoslynAnalysisRunner will not be running.
RoslynAnalysisRunner has terminated.
Mono: successfully reloaded assembly
- Completed reload, in  0.668 seconds
Platform modules already initialized, skipping
Switching build target platform(5) subTarget(0) extendedPlatform(0) -> platform(13) subTarget(524288) extendedPlatform(0)
Refreshing native plugins compatible for Editor in 0.56 ms, found 0 plugins.
Preloading 0 native plugins for Editor in 0.00 ms.
Unloading 1476 Unused Serialized files (Serialized files now loaded: 0)
System memory in use before: 70.9 MB.
System memory in use after: 71.0 MB.

Unloading 7 unused Assets to reduce memory usage. Loaded Objects now: 1968.
Total: 1.653400 ms (FindLiveObjects: 0.417000 ms CreateObjectMapping: 0.054300 ms MarkObjects: 1.125400 ms  DeleteObjects: 0.055800 ms)

AssetImportParameters requested are different than current active one (requested -> active):
  custom:graphics/normal-map-encoding: 01000000000000000000000000000000 -> 02000000000000000000000000000000
========================================================================
Received Prepare
Refreshing native plugins compatible for Editor in 0.54 ms, found 0 plugins.
Preloading 0 native plugins for Editor in 0.00 ms.
Unloading 4 Unused Serialized files (Serialized files now loaded: 0)
System memory in use before: 41.6 MB.
System memory in use after: 41.6 MB.

Unloading 4 unused Assets to reduce memory usage. Loaded Objects now: 1968.
Total: 1.936400 ms (FindLiveObjects: 0.271800 ms CreateObjectMapping: 0.087800 ms MarkObjects: 1.498500 ms  DeleteObjects: 0.076800 ms)

========================================================================
Received Import Request.
  Time since last request: 104.361505 seconds.
  path: Assets/Prefabs
  artifactKey: Guid(4c9be19f563af6240851dd83a6e9242b) Importer(815301076,1909f56bfc062723c751e8b465ee728b)
Start importing Assets/Prefabs using Guid(4c9be19f563af6240851dd83a6e9242b) Importer(815301076,1909f56bfc062723c751e8b465ee728b)  -> (artifact id: '10f92dcf401e4a0fc0fc52243accdc50') in 0.005250 seconds
  Import took 0.008142 seconds .

========================================================================
Received Import Request.
  Time since last request: 124.742281 seconds.
  path: Assets/Prefabs/GamePiece.prefab
  artifactKey: Guid(3985f3fc63fea1540bd10d278e16171f) Importer(815301076,1909f56bfc062723c751e8b465ee728b)
Start importing Assets/Prefabs/GamePiece.prefab using Guid(3985f3fc63fea1540bd10d278e16171f) Importer(815301076,1909f56bfc062723c751e8b465ee728b)  -> (artifact id: '8a01abaeded4806e6ee7ce1a8d5df117') in 0.052214 seconds
  Import took 0.054892 seconds .

========================================================================
Received Import Request.
  Time since last request: 130.758787 seconds.
  path: Assets
  artifactKey: Guid(00000000000000001000000000000000) Importer(815301076,1909f56bfc062723c751e8b465ee728b)
Start importing Assets using Guid(00000000000000001000000000000000) Importer(815301076,1909f56bfc062723c751e8b465ee728b)  -> (artifact id: '1710e9ec8d296c6d0f7ba50b79726179') in 0.004893 seconds
  Import took 0.006836 seconds .

========================================================================
Received Import Request.
  Time since last request: 3.966089 seconds.
  path: Assets/Scripts.cs
  artifactKey: Guid(664a5c75b80b65849bdbb0aa0d6ad81f) Importer(815301076,1909f56bfc062723c751e8b465ee728b)
Start importing Assets/Scripts.cs using Guid(664a5c75b80b65849bdbb0aa0d6ad81f) Importer(815301076,1909f56bfc062723c751e8b465ee728b)  -> (artifact id: '5fd1cd7fac2cba14473b454b79e2b0a0') in 0.040083 seconds
  Import took 0.042409 seconds .

========================================================================
Received Prepare
Registering precompiled user dll's ...
Registered in 0.000419 seconds.
Begin MonoManager ReloadAssembly
Native extension for WindowsStandalone target not found
Native extension for OSXStandalone target not found
Native extension for WebGL target not found
Refreshing native plugins compatible for Editor in 0.31 ms, found 0 plugins.
Preloading 0 native plugins for Editor in 0.00 ms.
Invoked RoslynAnalysisRunner static constructor.
RoslynAnalysisRunner will not be running.
RoslynAnalysisRunner has terminated.
Mono: successfully reloaded assembly
- Completed reload, in  0.741 seconds
Platform modules already initialized, skipping
Switching build target platform(5) subTarget(0) extendedPlatform(0) -> platform(13) subTarget(524288) extendedPlatform(0)
Refreshing native plugins compatible for Editor in 0.22 ms, found 0 plugins.
Preloading 0 native plugins for Editor in 0.00 ms.
Unloading 1477 Unused Serialized files (Serialized files now loaded: 0)
System memory in use before: 71.0 MB.
System memory in use after: 71.0 MB.

Unloading 7 unused Assets to reduce memory usage. Loaded Objects now: 1974.
Total: 1.336200 ms (FindLiveObjects: 0.146000 ms CreateObjectMapping: 0.050200 ms MarkObjects: 1.082500 ms  DeleteObjects: 0.056700 ms)

AssetImportParameters requested are different than current active one (requested -> active):
  custom:graphics/normal-map-encoding: 01000000000000000000000000000000 -> 02000000000000000000000000000000
========================================================================
Received Import Request.
  Time since last request: 6.012255 seconds.
  path: Assets/Scripts
  artifactKey: Guid(c61399c5cace77e49adf37e685efcd9e) Importer(815301076,1909f56bfc062723c751e8b465ee728b)
Start importing Assets/Scripts using Guid(c61399c5cace77e49adf37e685efcd9e) Importer(815301076,1909f56bfc062723c751e8b465ee728b)  -> (artifact id: '83f2b12fff124218b1752112e3f41e8c') in 0.004282 seconds
  Import took 0.006445 seconds .

========================================================================
Received Prepare
Registering precompiled user dll's ...
Registered in 0.000393 seconds.
Begin MonoManager ReloadAssembly
Native extension for WindowsStandalone target not found
Native extension for OSXStandalone target not found
Native extension for WebGL target not found
Refreshing native plugins compatible for Editor in 0.22 ms, found 0 plugins.
Preloading 0 native plugins for Editor in 0.00 ms.
Invoked RoslynAnalysisRunner static constructor.
RoslynAnalysisRunner will not be running.
RoslynAnalysisRunner has terminated.
Mono: successfully reloaded assembly
- Completed reload, in  0.658 seconds
Platform modules already initialized, skipping
Switching build target platform(5) subTarget(0) extendedPlatform(0) -> platform(13) subTarget(524288) extendedPlatform(0)
Refreshing native plugins compatible for Editor in 0.24 ms, found 0 plugins.
Preloading 0 native plugins for Editor in 0.00 ms.
Unloading 1476 Unused Serialized files (Serialized files now loaded: 0)
System memory in use before: 71.0 MB.
System memory in use after: 71.0 MB.

Unloading 8 unused Assets to reduce memory usage. Loaded Objects now: 1976.
Total: 1.279600 ms (FindLiveObjects: 0.119400 ms CreateObjectMapping: 0.038700 ms MarkObjects: 1.072100 ms  DeleteObjects: 0.048500 ms)

AssetImportParameters requested are different than current active one (requested -> active):
  custom:graphics/normal-map-encoding: 01000000000000000000000000000000 -> 02000000000000000000000000000000
========================================================================
Received Import Request.
  Time since last request: 17.171077 seconds.
  path: Assets/Scripts/PlacementIndicator.cs
  artifactKey: Guid(b66daa1b51b391d4a922f4ff87d33f1a) Importer(815301076,1909f56bfc062723c751e8b465ee728b)
Start importing Assets/Scripts/PlacementIndicator.cs using Guid(b66daa1b51b391d4a922f4ff87d33f1a) Importer(815301076,1909f56bfc062723c751e8b465ee728b)  -> (artifact id: '02dabea23e826633d7577826ddc00a1f') in 0.006612 seconds
  Import took 0.008576 seconds .

========================================================================
Received Import Request.
  Time since last request: 0.001533 seconds.
  path: Assets/Scripts/PlacementIndicator.cs
  artifactKey: Guid(b66daa1b51b391d4a922f4ff87d33f1a) Importer(815301076,1909f56bfc062723c751e8b465ee728b)
Start importing Assets/Scripts/PlacementIndicator.cs using Guid(b66daa1b51b391d4a922f4ff87d33f1a) Importer(815301076,1909f56bfc062723c751e8b465ee728b)  -> (artifact id: '02dabea23e826633d7577826ddc00a1f') in 0.001781 seconds
  Import took 0.003665 seconds .

========================================================================
Received Prepare
Registering precompiled user dll's ...
Registered in 0.000414 seconds.
Begin MonoManager ReloadAssembly
Native extension for WindowsStandalone target not found
Native extension for OSXStandalone target not found
Native extension for WebGL target not found
Refreshing native plugins compatible for Editor in 0.23 ms, found 0 plugins.
Preloading 0 native plugins for Editor in 0.00 ms.
Invoked RoslynAnalysisRunner static constructor.
RoslynAnalysisRunner will not be running.
RoslynAnalysisRunner has terminated.
Mono: successfully reloaded assembly
- Completed reload, in  0.659 seconds
Platform modules already initialized, skipping
Switching build target platform(5) subTarget(0) extendedPlatform(0) -> platform(13) subTarget(524288) extendedPlatform(0)
Refreshing native plugins compatible for Editor in 0.24 ms, found 0 plugins.
Preloading 0 native plugins for Editor in 0.00 ms.
Unloading 1477 Unused Serialized files (Serialized files now loaded: 0)
System memory in use before: 71.0 MB.
System memory in use after: 71.1 MB.

Unloading 7 unused Assets to reduce memory usage. Loaded Objects now: 1980.
Total: 1.570000 ms (FindLiveObjects: 0.222000 ms CreateObjectMapping: 0.084600 ms MarkObjects: 1.208800 ms  DeleteObjects: 0.053800 ms)

AssetImportParameters requested are different than current active one (requested -> active):
  custom:graphics/normal-map-encoding: 01000000000000000000000000000000 -> 02000000000000000000000000000000
========================================================================
Received Prepare
Registering precompiled user dll's ...
Registered in 0.000461 seconds.
Begin MonoManager ReloadAssembly
Native extension for WindowsStandalone target not found
Native extension for OSXStandalone target not found
Native extension for WebGL target not found
Refreshing native plugins compatible for Editor in 0.22 ms, found 0 plugins.
Preloading 0 native plugins for Editor in 0.00 ms.
Invoked RoslynAnalysisRunner static constructor.
RoslynAnalysisRunner will not be running.
RoslynAnalysisRunner has terminated.
Mono: successfully reloaded assembly
- Completed reload, in  0.675 seconds
Platform modules already initialized, skipping
Switching build target platform(5) subTarget(0) extendedPlatform(0) -> platform(13) subTarget(524288) extendedPlatform(0)
Refreshing native plugins compatible for Editor in 0.22 ms, found 0 plugins.
Preloading 0 native plugins for Editor in 0.00 ms.
Unloading 1477 Unused Serialized files (Serialized files now loaded: 0)
System memory in use before: 71.0 MB.
System memory in use after: 71.1 MB.

Unloading 7 unused Assets to reduce memory usage. Loaded Objects now: 1983.
Total: 1.399300 ms (FindLiveObjects: 0.135200 ms CreateObjectMapping: 0.048900 ms MarkObjects: 1.164000 ms  DeleteObjects: 0.050500 ms)

AssetImportParameters requested are different than current active one (requested -> active):
  custom:graphics/normal-map-encoding: 01000000000000000000000000000000 -> 02000000000000000000000000000000
========================================================================
Received Import Request.
  Time since last request: 87.348489 seconds.
  path: Assets/Scripts/PlacementIndicator.cs
  artifactKey: Guid(b66daa1b51b391d4a922f4ff87d33f1a) Importer(815301076,1909f56bfc062723c751e8b465ee728b)
Start importing Assets/Scripts/PlacementIndicator.cs using Guid(b66daa1b51b391d4a922f4ff87d33f1a) Importer(815301076,1909f56bfc062723c751e8b465ee728b)  -> (artifact id: '285443cf68cacf6608a7b09b1b22b75a') in 0.003147 seconds
  Import took 0.005035 seconds .

========================================================================
Received Prepare
Registering precompiled user dll's ...
Registered in 0.000516 seconds.
Begin MonoManager ReloadAssembly
Native extension for WindowsStandalone target not found
Native extension for OSXStandalone target not found
Native extension for WebGL target not found
Refreshing native plugins compatible for Editor in 0.22 ms, found 0 plugins.
Preloading 0 native plugins for Editor in 0.00 ms.
Invoked RoslynAnalysisRunner static constructor.
RoslynAnalysisRunner will not be running.
RoslynAnalysisRunner has terminated.
Mono: successfully reloaded assembly
- Completed reload, in  0.690 seconds
Platform modules already initialized, skipping
Switching build target platform(5) subTarget(0) extendedPlatform(0) -> platform(13) subTarget(524288) extendedPlatform(0)
Refreshing native plugins compatible for Editor in 0.22 ms, found 0 plugins.
Preloading 0 native plugins for Editor in 0.00 ms.
Unloading 1477 Unused Serialized files (Serialized files now loaded: 0)
System memory in use before: 71.0 MB.
System memory in use after: 71.1 MB.

Unloading 7 unused Assets to reduce memory usage. Loaded Objects now: 1986.
Total: 1.336200 ms (FindLiveObjects: 0.156100 ms CreateObjectMapping: 0.039200 ms MarkObjects: 1.082500 ms  DeleteObjects: 0.057300 ms)

AssetImportParameters requested are different than current active one (requested -> active):
  custom:graphics/normal-map-encoding: 01000000000000000000000000000000 -> 02000000000000000000000000000000
========================================================================
Received Prepare
Refreshing native plugins compatible for Editor in 0.58 ms, found 0 plugins.
Preloading 0 native plugins for Editor in 0.00 ms.
Unloading 4 Unused Serialized files (Serialized files now loaded: 0)
System memory in use before: 41.7 MB.
System memory in use after: 41.7 MB.

Unloading 4 unused Assets to reduce memory usage. Loaded Objects now: 1986.
Total: 1.580300 ms (FindLiveObjects: 0.170600 ms CreateObjectMapping: 0.066300 ms MarkObjects: 1.290600 ms  DeleteObjects: 0.051700 ms)

========================================================================
Received Prepare
Registering precompiled user dll's ...
Registered in 0.001096 seconds.
Begin MonoManager ReloadAssembly
Native extension for WindowsStandalone target not found
Native extension for OSXStandalone target not found
Native extension for WebGL target not found
Refreshing native plugins compatible for Editor in 0.22 ms, found 0 plugins.
Preloading 0 native plugins for Editor in 0.00 ms.
Invoked RoslynAnalysisRunner static constructor.
RoslynAnalysisRunner will not be running.
RoslynAnalysisRunner has terminated.
Mono: successfully reloaded assembly
- Completed reload, in  0.670 seconds
Platform modules already initialized, skipping
Switching build target platform(5) subTarget(0) extendedPlatform(0) -> platform(13) subTarget(524288) extendedPlatform(0)
Refreshing native plugins compatible for Editor in 0.24 ms, found 0 plugins.
Preloading 0 native plugins for Editor in 0.00 ms.
Unloading 1477 Unused Serialized files (Serialized files now loaded: 0)
System memory in use before: 71.1 MB.
System memory in use after: 71.1 MB.

Unloading 7 unused Assets to reduce memory usage. Loaded Objects now: 1989.
Total: 1.258300 ms (FindLiveObjects: 0.125100 ms CreateObjectMapping: 0.039500 ms MarkObjects: 1.040700 ms  DeleteObjects: 0.052400 ms)

AssetImportParameters requested are different than current active one (requested -> active):
  custom:graphics/normal-map-encoding: 01000000000000000000000000000000 -> 02000000000000000000000000000000
========================================================================
Received Prepare
Refreshing native plugins compatible for Editor in 0.53 ms, found 0 plugins.
Preloading 0 native plugins for Editor in 0.00 ms.
Unloading 4 Unused Serialized files (Serialized files now loaded: 0)
System memory in use before: 41.7 MB.
System memory in use after: 41.8 MB.

Unloading 4 unused Assets to reduce memory usage. Loaded Objects now: 1989.
Total: 1.474500 ms (FindLiveObjects: 0.139000 ms CreateObjectMapping: 0.055000 ms MarkObjects: 1.223100 ms  DeleteObjects: 0.056100 ms)

AssetImportWorkerClient::OnTransportError - code=2 error=End of file
